<?xml version="1.0" encoding="UTF-8"?>
<!-- Generated by org.testng.reporters.JUnitXMLReporter -->
<testsuite ignored="1" hostname="LAPTOP-40QFA21N" failures="1" tests="1" name="Exceptions Test" time="14.326" errors="0" timestamp="27 Haz 2021 16:41:37 GMT">
  <testcase classname="com.msahin.theinternet.ExceptionsTests" name="timeoutTest" time="10.657">
    <failure type="java.lang.AssertionError" message="Finish text:  expected [true] but found [false]">
      <![CDATA[java.lang.AssertionError: Finish text:  expected [true] but found [false]
at com.msahin.theinternet.ExceptionsTests.timeoutTest(ExceptionsTests.java:95)
... Removed 28 stack frames]]>
    </failure>
  </testcase> <!-- timeoutTest -->
  <testcase classname="com.msahin.theinternet.ExceptionsTests" name="notVisibleTest" time="0.0">
    <ignored/>
  </testcase> <!-- notVisibleTest -->
</testsuite> <!-- Exceptions Test -->
